unique clusters: 40

Cluster: 41
number of items: 3
average_distance: 5.404003108116598
standard deviation: 0.7804275001552529

Cluster: 117
number of items: 8
average_distance: 5.990490254357128
standard deviation: 0.5611331479834579

Cluster: 118
number of items: 6
average_distance: 5.422874533158282
standard deviation: 0.6683083565113183

Cluster: 111
number of items: 183
average_distance: 5.896359728627386
standard deviation: 0.25482894410020646

Cluster: 39
number of items: 17
average_distance: 5.249460850086712
standard deviation: 0.9127822779994834

Cluster: 23
number of items: 56
average_distance: 2.8674265282407907
standard deviation: 0.48563108692554807

Cluster: 109
number of items: 25
average_distance: 5.526486783447618
standard deviation: 0.24965818544649823

Cluster: 26
number of items: 27
average_distance: 4.669694260855559
standard deviation: 0.6985002255978682

Cluster: 63
number of items: 8
average_distance: 6.036763551907206
standard deviation: 0.5430856047390251

Cluster: 105
number of items: 4
average_distance: 5.615006676246186
standard deviation: 0.6308242389297997

Cluster: 61
number of items: 2
average_distance: 6.08145606511602
standard deviation: 0.7817631918577983

Cluster: 79
number of items: 29
average_distance: 5.463080032808352
standard deviation: 0.7526036086993136

Cluster: 34
number of items: 3
average_distance: 4.660773523744789
standard deviation: 0.9075414345945527

Cluster: 77
number of items: 22
average_distance: 4.024607629560894
standard deviation: 1.0642085889192072

Cluster: 30
number of items: 2
average_distance: 5.932957160518256
standard deviation: 0.7520104293079681

Cluster: 49
number of items: 28
average_distance: 5.700748020046069
standard deviation: 0.46147477893213534

Cluster: 16
number of items: 12
average_distance: 6.035519751991049
standard deviation: 0.5255936492374712

Cluster: 98
number of items: 2
average_distance: 5.323742595222143
standard deviation: 0.6353737984948227

Cluster: 57
number of items: 2
average_distance: 5.144722805879688
standard deviation: 0.3130467880531107

Cluster: 101
number of items: 1
average_distance: 6.005594646689812
standard deviation: 0.0

Cluster: 93
number of items: 5
average_distance: 5.808516016577499
standard deviation: 0.5680252638399742

Cluster: 12
number of items: 16
average_distance: 5.535240082961474
standard deviation: 0.46959004050575504

Cluster: 78
number of items: 53
average_distance: 4.554958809538178
standard deviation: 0.4688734551166672

Cluster: 38
number of items: 112
average_distance: 4.849100181646582
standard deviation: 0.3611187097678743

Cluster: 59
number of items: 40
average_distance: 4.6351859935075765
standard deviation: 0.3574754040952198

Cluster: 22
number of items: 19
average_distance: 4.0365012501514075
standard deviation: 0.7097280125432633

Cluster: 86
number of items: 42
average_distance: 3.795901538426656
standard deviation: 0.33414771686270406

Cluster: 21
number of items: 52
average_distance: 4.670592703601663
standard deviation: 0.850341764887198

Cluster: 76
number of items: 4
average_distance: 5.4017633406797945
standard deviation: 0.10045197027426066

Cluster: 83
number of items: 35
average_distance: 4.261150377591515
standard deviation: 0.31007132880599814

Cluster: 25
number of items: 1
average_distance: 5.075937915150896
standard deviation: 0.0

Cluster: 92
number of items: 1
average_distance: 5.34639752305566
standard deviation: 0.0

Cluster: 107
number of items: 1
average_distance: 4.837383479694423
standard deviation: 0.0

Cluster: 43
number of items: 1
average_distance: 5.488596967316059
standard deviation: 0.0

Cluster: 40
number of items: 2
average_distance: 5.289425495122005
standard deviation: 0.29266837519929956

Cluster: 103
number of items: 1
average_distance: 4.838206924698701
standard deviation: 0.0

Cluster: 35
number of items: 1
average_distance: 4.874787167849813
standard deviation: 0.0

Cluster: 47
number of items: 1
average_distance: 5.0622745321005755
standard deviation: 0.0

Cluster: 32
number of items: 7
average_distance: 5.6885158111106175
standard deviation: 0.3437302641694833

Cluster: 24
number of items: 1
average_distance: 5.372613948530835
standard deviation: 0.0

TRAINING
[1,   10] loss: 2731.328 accuracy:0.425 validation_loss: 41.222 validation accuracy: 0.88796,guess mode acc: 0.615,unique predictions: 34 time= 18.742351293563843
[2,   10] loss: 1466.383 accuracy:0.655 validation_loss: 34.597 validation accuracy: 0.91176,guess mode acc: 0.615,unique predictions: 43 time= 18.64590549468994
[3,   10] loss: 1118.557 accuracy:0.724 validation_loss: 29.423 validation accuracy: 0.92717,guess mode acc: 0.615,unique predictions: 51 time= 18.70882248878479
[4,   10] loss: 957.805 accuracy:0.758 validation_loss: 27.307 validation accuracy: 0.93417,guess mode acc: 0.615,unique predictions: 54 time= 18.871443033218384
[5,   10] loss: 833.236 accuracy:0.785 validation_loss: 24.194 validation accuracy: 0.92437,guess mode acc: 0.615,unique predictions: 56 time= 18.835806846618652
[6,   10] loss: 749.770 accuracy:0.803 validation_loss: 22.574 validation accuracy: 0.94398,guess mode acc: 0.615,unique predictions: 56 time= 18.77152371406555
[7,   10] loss: 675.798 accuracy:0.821 validation_loss: 21.924 validation accuracy: 0.94678,guess mode acc: 0.615,unique predictions: 57 time= 18.79666543006897
[8,   10] loss: 628.464 accuracy:0.832 validation_loss: 22.544 validation accuracy: 0.94258,guess mode acc: 0.615,unique predictions: 60 time= 18.845129013061523
[9,   10] loss: 585.695 accuracy:0.841 validation_loss: 22.861 validation accuracy: 0.94958,guess mode acc: 0.615,unique predictions: 58 time= 18.767752408981323
[10,   10] loss: 542.042 accuracy:0.855 validation_loss: 23.240 validation accuracy: 0.95098,guess mode acc: 0.615,unique predictions: 57 time= 18.769911527633667
