unique clusters: 61

Cluster: 29
number of items: 53
average_distance: 6.416316167344534
standard deviation: 0.3763985387128332

Cluster: 91
number of items: 1130
average_distance: 6.427004260123447
standard deviation: 0.4308992177523644

Cluster: 69
number of items: 3813
average_distance: 5.9135364596216
standard deviation: 0.5793401364146028

Cluster: 11
number of items: 56
average_distance: 2.893261488998579
standard deviation: 0.49948004479940755

Cluster: 103
number of items: 345
average_distance: 6.230383504198416
standard deviation: 0.5171653975703662

Cluster: 82
number of items: 35
average_distance: 5.199034146086223
standard deviation: 0.7903924367283531

Cluster: 16
number of items: 6
average_distance: 5.3388501721818775
standard deviation: 0.7681101267278936

Cluster: 66
number of items: 19
average_distance: 4.1144231013982555
standard deviation: 0.8223144519391558

Cluster: 47
number of items: 977
average_distance: 5.801135294074654
standard deviation: 0.6137453996768591

Cluster: 116
number of items: 43
average_distance: 5.209497126909822
standard deviation: 0.7478746593703891

Cluster: 31
number of items: 4
average_distance: 5.720809935959427
standard deviation: 0.7362613676613263

Cluster: 83
number of items: 1227
average_distance: 5.566626905719117
standard deviation: 0.6795672178819132

Cluster: 21
number of items: 693
average_distance: 5.914365669867477
standard deviation: 0.5787836621147401

Cluster: 81
number of items: 57
average_distance: 6.407216697105337
standard deviation: 0.5694055434494435

Cluster: 64
number of items: 3
average_distance: 5.85533867119828
standard deviation: 0.2558750351339139

Cluster: 100
number of items: 3
average_distance: 5.823461619423341
standard deviation: 0.3728649775669502

Cluster: 78
number of items: 704
average_distance: 5.686789606628525
standard deviation: 0.48338758538383764

Cluster: 98
number of items: 80
average_distance: 6.15967895303754
standard deviation: 0.2807301339565611

Cluster: 99
number of items: 3
average_distance: 5.529893098522358
standard deviation: 0.3375975297146968

Cluster: 114
number of items: 1
average_distance: 7.104833733121705
standard deviation: 0.0

Cluster: 51
number of items: 1
average_distance: 5.753040649577242
standard deviation: 0.0

Cluster: 95
number of items: 4
average_distance: 6.063187302483463
standard deviation: 1.0040782185004984

Cluster: 38
number of items: 9
average_distance: 5.718581640739833
standard deviation: 0.5342666474667525

Cluster: 20
number of items: 3
average_distance: 6.0341518173403434
standard deviation: 0.40969508727661164

Cluster: 9
number of items: 3
average_distance: 5.858707136090004
standard deviation: 0.2295215420442256

Cluster: 118
number of items: 4
average_distance: 5.651488633393001
standard deviation: 0.25743976937965246

Cluster: 88
number of items: 6723
average_distance: 5.787831056963245
standard deviation: 0.5225321248018742

Cluster: 112
number of items: 308
average_distance: 5.836728184060614
standard deviation: 0.35955655511299267

Cluster: 84
number of items: 3
average_distance: 4.878378655981549
standard deviation: 0.6749307178613876

Cluster: 86
number of items: 2
average_distance: 5.3392776807984585
standard deviation: 0.13169368394677328

Cluster: 113
number of items: 1
average_distance: 5.454082203919968
standard deviation: 0.0

Cluster: 55
number of items: 2
average_distance: 5.475636235717884
standard deviation: 0.6284474962499718

Cluster: 58
number of items: 2
average_distance: 5.515981828350569
standard deviation: 0.33698554657186053

Cluster: 43
number of items: 1
average_distance: 4.774639946685524
standard deviation: 0.0

Cluster: 49
number of items: 2
average_distance: 5.444195261278582
standard deviation: 0.20512887048118777

Cluster: 111
number of items: 1
average_distance: 5.180923640595943
standard deviation: 0.0

Cluster: 70
number of items: 220
average_distance: 5.611264235638001
standard deviation: 0.2187548087879329

Cluster: 87
number of items: 1
average_distance: 5.360216086405882
standard deviation: 0.0

Cluster: 4
number of items: 144
average_distance: 4.376565577334119
standard deviation: 0.5550812623627023

Cluster: 30
number of items: 5882
average_distance: 5.645615084979303
standard deviation: 0.43249306013087246

Cluster: 79
number of items: 263
average_distance: 4.752659934399137
standard deviation: 1.0827722381753349

Cluster: 18
number of items: 20
average_distance: 5.944169221308529
standard deviation: 0.3149421376060259

Cluster: 93
number of items: 65
average_distance: 6.7769209614842145
standard deviation: 0.6275471899865587

Cluster: 76
number of items: 8
average_distance: 3.8001195317041354
standard deviation: 0.2206681597347299

Cluster: 68
number of items: 2
average_distance: 6.240713768622582
standard deviation: 0.6710978511674122

Cluster: 85
number of items: 46
average_distance: 5.828818428321858
standard deviation: 0.18212644786585458

Cluster: 102
number of items: 32
average_distance: 6.393363298033448
standard deviation: 0.14990977300296854

Cluster: 59
number of items: 9
average_distance: 5.794675833393331
standard deviation: 0.10770876810936461

Cluster: 73
number of items: 1
average_distance: 6.500791006427716
standard deviation: 0.0

Cluster: 40
number of items: 3
average_distance: 5.966933777042459
standard deviation: 0.4792476674567958

Cluster: 41
number of items: 1
average_distance: 5.915620670921046
standard deviation: 0.0

Cluster: 35
number of items: 1
average_distance: 6.017447454469821
standard deviation: 0.0

Cluster: 39
number of items: 1
average_distance: 5.717207597935866
standard deviation: 0.0

Cluster: 90
number of items: 144
average_distance: 4.857553413904807
standard deviation: 0.6342057673642614

Cluster: 46
number of items: 13
average_distance: 5.88185234390421
standard deviation: 0.2882393059611995

Cluster: 92
number of items: 15
average_distance: 2.9978337320693402
standard deviation: 0.6491238777144763

Cluster: 48
number of items: 11
average_distance: 5.645424670647962
standard deviation: 0.16921551994348077

Cluster: 108
number of items: 2080
average_distance: 5.8469982300395635
standard deviation: 0.27752021670429117

Cluster: 23
number of items: 1
average_distance: 5.859927269555612
standard deviation: 0.0

Cluster: 3
number of items: 3
average_distance: 5.502341944229116
standard deviation: 0.4246142144946911

Cluster: 45
number of items: 1
average_distance: 4.933615456027833
standard deviation: 0.0

TRAINING
[1,   10] loss: 1597.594 accuracy:0.255 validation_loss: 2088.286 validation accuracy: 0.71276,guess mode acc: 0.783,unique predictions: 37 time= 12.413517713546753
[2,   10] loss: 991.263 accuracy:0.483 validation_loss: 1816.979 validation accuracy: 0.75595,guess mode acc: 0.783,unique predictions: 45 time= 12.334460020065308
[3,   10] loss: 686.284 accuracy:0.617 validation_loss: 1856.920 validation accuracy: 0.76704,guess mode acc: 0.783,unique predictions: 60 time= 12.429492950439453
[4,   10] loss: 533.645 accuracy:0.692 validation_loss: 1970.961 validation accuracy: 0.73584,guess mode acc: 0.783,unique predictions: 68 time= 12.381295919418335
[5,   10] loss: 457.488 accuracy:0.727 validation_loss: 2130.212 validation accuracy: 0.69520,guess mode acc: 0.783,unique predictions: 72 time= 12.38619875907898
[6,   10] loss: 406.485 accuracy:0.752 validation_loss: 2385.095 validation accuracy: 0.68363,guess mode acc: 0.783,unique predictions: 73 time= 12.411062240600586
[7,   10] loss: 369.898 accuracy:0.772 validation_loss: 2348.784 validation accuracy: 0.64008,guess mode acc: 0.783,unique predictions: 75 time= 12.372824430465698
[8,   10] loss: 331.495 accuracy:0.794 validation_loss: 2547.161 validation accuracy: 0.65467,guess mode acc: 0.783,unique predictions: 81 time= 12.384043216705322
[9,   10] loss: 298.899 accuracy:0.810 validation_loss: 2467.898 validation accuracy: 0.62940,guess mode acc: 0.783,unique predictions: 83 time= 12.368517637252808
[10,   10] loss: 281.799 accuracy:0.820 validation_loss: 2885.568 validation accuracy: 0.59801,guess mode acc: 0.783,unique predictions: 83 time= 12.414117574691772
