unique clusters: 25

Cluster: 24
number of items: 8126
average_distance: 6.264615300844079
standard deviation: 0.7048162099193049

Cluster: 38
number of items: 1
average_distance: 6.442331778775952
standard deviation: 0.0

Cluster: 11
number of items: 4
average_distance: 5.36562634614372
standard deviation: 0.634344074127351

Cluster: 35
number of items: 1
average_distance: 6.8356529495663665
standard deviation: 0.0

Cluster: 116
number of items: 11
average_distance: 6.0556786795217485
standard deviation: 0.5606205201052455

Cluster: 73
number of items: 4
average_distance: 5.708498362404768
standard deviation: 0.32261726276254105

Cluster: 90
number of items: 5
average_distance: 5.950126460721835
standard deviation: 0.6719539953222732

Cluster: 82
number of items: 6
average_distance: 5.859266760367252
standard deviation: 0.5895085930348944

Cluster: 55
number of items: 3
average_distance: 5.599280511847682
standard deviation: 0.7311864321876561

Cluster: 112
number of items: 5
average_distance: 6.0330158244683405
standard deviation: 0.7096696364335408

Cluster: 104
number of items: 4
average_distance: 6.013336873637131
standard deviation: 0.374300103416893

Cluster: 33
number of items: 1
average_distance: 5.807183596705782
standard deviation: 0.0

Cluster: 48
number of items: 37
average_distance: 6.287556818454186
standard deviation: 0.35894263806598925

Cluster: 80
number of items: 1
average_distance: 5.891044798197975
standard deviation: 0.0

Cluster: 19
number of items: 1
average_distance: 6.235184895802251
standard deviation: 0.0

Cluster: 69
number of items: 1
average_distance: 5.755634823026355
standard deviation: 0.0

Cluster: 59
number of items: 5
average_distance: 6.242983603877412
standard deviation: 0.4261478672819105

Cluster: 37
number of items: 1
average_distance: 5.910858140822969
standard deviation: 0.0

Cluster: 1
number of items: 1
average_distance: 7.119387659867635
standard deviation: 0.0

Cluster: 88
number of items: 187
average_distance: 6.471549671476403
standard deviation: 0.22932305289976537

Cluster: 85
number of items: 5
average_distance: 5.418551969921419
standard deviation: 0.11543910882238816

Cluster: 100
number of items: 2
average_distance: 6.314714198433569
standard deviation: 0.17370820044553925

Cluster: 111
number of items: 1
average_distance: 6.337916610526802
standard deviation: 0.0

Cluster: 94
number of items: 6
average_distance: 6.396156759683332
standard deviation: 0.32359407105142945

Cluster: 89
number of items: 1
average_distance: 6.923859228815143
standard deviation: 0.0

TRAINING
[1,   10] loss: 2671.984 accuracy:0.325 validation_loss: 122.946 validation accuracy: 0.96662,guess mode acc: 0.994,unique predictions: 17 time= 17.028228998184204
[2,   10] loss: 1552.661 accuracy:0.561 validation_loss: 120.948 validation accuracy: 0.96747,guess mode acc: 0.994,unique predictions: 20 time= 17.339958429336548
[3,   10] loss: 1127.185 accuracy:0.664 validation_loss: 111.593 validation accuracy: 0.96771,guess mode acc: 0.994,unique predictions: 23 time= 17.00707721710205
[4,   10] loss: 918.265 accuracy:0.713 validation_loss: 115.721 validation accuracy: 0.96253,guess mode acc: 0.994,unique predictions: 32 time= 16.871762990951538
[5,   10] loss: 808.892 accuracy:0.742 validation_loss: 115.104 validation accuracy: 0.96132,guess mode acc: 0.994,unique predictions: 37 time= 16.829740047454834
[6,   10] loss: 738.688 accuracy:0.758 validation_loss: 121.276 validation accuracy: 0.96241,guess mode acc: 0.994,unique predictions: 39 time= 16.82219362258911
[7,   10] loss: 692.707 accuracy:0.772 validation_loss: 125.812 validation accuracy: 0.95939,guess mode acc: 0.994,unique predictions: 37 time= 16.83454418182373
[8,   10] loss: 638.769 accuracy:0.787 validation_loss: 139.353 validation accuracy: 0.95686,guess mode acc: 0.994,unique predictions: 40 time= 16.76890468597412
[9,   10] loss: 598.014 accuracy:0.796 validation_loss: 131.126 validation accuracy: 0.96072,guess mode acc: 0.994,unique predictions: 35 time= 16.78074312210083
[10,   10] loss: 558.480 accuracy:0.808 validation_loss: 138.162 validation accuracy: 0.95855,guess mode acc: 0.994,unique predictions: 43 time= 16.800212860107422
