unique clusters: 43

Cluster: 64
number of items: 1
average_distance: 5.9163120545286585
standard deviation: 0.0

Cluster: 52
number of items: 5
average_distance: 5.7426002387424955
standard deviation: 0.6097040211918135

Cluster: 30
number of items: 10
average_distance: 5.848882021843161
standard deviation: 0.49061241564750857

Cluster: 94
number of items: 190
average_distance: 5.892556565073561
standard deviation: 0.27414223170559987

Cluster: 16
number of items: 56
average_distance: 2.8840846665665567
standard deviation: 0.4837604525932825

Cluster: 10
number of items: 29
average_distance: 5.2440721910430454
standard deviation: 0.7024432036652678

Cluster: 24
number of items: 25
average_distance: 3.9486159584832756
standard deviation: 0.9658796108583583

Cluster: 55
number of items: 14
average_distance: 3.7568835711914734
standard deviation: 0.5870542117317985

Cluster: 89
number of items: 29
average_distance: 5.635807544524862
standard deviation: 0.2725268492533615

Cluster: 105
number of items: 5
average_distance: 5.926297435487923
standard deviation: 0.8768869984182532

Cluster: 113
number of items: 4
average_distance: 5.939361972354394
standard deviation: 0.5954982080218963

Cluster: 88
number of items: 23
average_distance: 5.596150798312281
standard deviation: 0.8329458583837922

Cluster: 3
number of items: 3
average_distance: 4.677163076417874
standard deviation: 0.9061002369570658

Cluster: 83
number of items: 20
average_distance: 3.818419359858553
standard deviation: 0.8956373526571634

Cluster: 21
number of items: 4
average_distance: 5.565704354164811
standard deviation: 0.4137041259560946

Cluster: 99
number of items: 8
average_distance: 5.595370245616046
standard deviation: 0.7183171547008611

Cluster: 74
number of items: 13
average_distance: 6.069715371068563
standard deviation: 0.5245759752147736

Cluster: 57
number of items: 2
average_distance: 5.398932366404241
standard deviation: 0.5183618557537026

Cluster: 44
number of items: 3
average_distance: 5.569290153620411
standard deviation: 0.6299168490175763

Cluster: 93
number of items: 4
average_distance: 5.783533670592437
standard deviation: 0.6308056631418961

Cluster: 72
number of items: 58
average_distance: 4.025120159809166
standard deviation: 0.4183068014906415

Cluster: 117
number of items: 98
average_distance: 4.332825021195752
standard deviation: 0.5245913944884132

Cluster: 90
number of items: 49
average_distance: 4.840649312525253
standard deviation: 0.6308114906574332

Cluster: 59
number of items: 64
average_distance: 4.6307105737308145
standard deviation: 0.6485802404645827

Cluster: 12
number of items: 21
average_distance: 3.7286621186200373
standard deviation: 0.6531371188995023

Cluster: 100
number of items: 3
average_distance: 5.411432773140553
standard deviation: 0.22290173303564986

Cluster: 73
number of items: 2
average_distance: 5.423367026020943
standard deviation: 0.22197913568457794

Cluster: 87
number of items: 4
average_distance: 5.420655807280886
standard deviation: 0.38309390621886935

Cluster: 32
number of items: 29
average_distance: 4.20343545658155
standard deviation: 0.3575321118366405

Cluster: 86
number of items: 14
average_distance: 4.399815082618482
standard deviation: 0.5215372631479367

Cluster: 20
number of items: 1
average_distance: 5.528660466382808
standard deviation: 0.0

Cluster: 6
number of items: 1
average_distance: 4.9313631773264825
standard deviation: 0.0

Cluster: 70
number of items: 1
average_distance: 5.54466116777442
standard deviation: 0.0

Cluster: 92
number of items: 2
average_distance: 5.362249511671604
standard deviation: 0.166865227685272

Cluster: 19
number of items: 1
average_distance: 4.819438747680588
standard deviation: 0.0

Cluster: 56
number of items: 1
average_distance: 4.953258423616971
standard deviation: 0.0

Cluster: 84
number of items: 1
average_distance: 5.227310581544935
standard deviation: 0.0

Cluster: 47
number of items: 1
average_distance: 4.914984777732675
standard deviation: 0.0

Cluster: 91
number of items: 1
average_distance: 5.74825250646855
standard deviation: 0.0

Cluster: 35
number of items: 1
average_distance: 6.528673567567182
standard deviation: 0.0

Cluster: 43
number of items: 1
average_distance: 5.575087756754884
standard deviation: 0.0

Cluster: 17
number of items: 8
average_distance: 6.347332291363829
standard deviation: 0.1528827299375569

Cluster: 114
number of items: 1
average_distance: 5.304545372846748
standard deviation: 0.0

TRAINING
[1,   10] loss: 2826.907 accuracy:0.395 validation_loss: 38.070 validation accuracy: 0.84058,guess mode acc: 0.658,unique predictions: 28 time= 18.931544542312622
[2,   10] loss: 1476.945 accuracy:0.651 validation_loss: 27.663 validation accuracy: 0.89855,guess mode acc: 0.658,unique predictions: 42 time= 19.17168378829956
[3,   10] loss: 1110.468 accuracy:0.720 validation_loss: 25.648 validation accuracy: 0.90435,guess mode acc: 0.658,unique predictions: 47 time= 19.01598596572876
[4,   10] loss: 921.520 accuracy:0.760 validation_loss: 24.094 validation accuracy: 0.91594,guess mode acc: 0.658,unique predictions: 49 time= 18.93898034095764
[5,   10] loss: 807.091 accuracy:0.787 validation_loss: 23.192 validation accuracy: 0.92464,guess mode acc: 0.658,unique predictions: 57 time= 18.964301586151123
[6,   10] loss: 726.035 accuracy:0.809 validation_loss: 24.447 validation accuracy: 0.91304,guess mode acc: 0.658,unique predictions: 54 time= 18.824562549591064
[7,   10] loss: 673.497 accuracy:0.818 validation_loss: 24.481 validation accuracy: 0.91449,guess mode acc: 0.658,unique predictions: 55 time= 18.78621244430542
[8,   10] loss: 621.885 accuracy:0.830 validation_loss: 25.019 validation accuracy: 0.91304,guess mode acc: 0.658,unique predictions: 53 time= 18.848642110824585
[9,   10] loss: 577.281 accuracy:0.841 validation_loss: 25.494 validation accuracy: 0.91014,guess mode acc: 0.658,unique predictions: 61 time= 18.861804008483887
[10,   10] loss: 541.449 accuracy:0.853 validation_loss: 26.103 validation accuracy: 0.91014,guess mode acc: 0.658,unique predictions: 63 time= 18.961338758468628
