unique clusters: 42

Cluster: 64
number of items: 10
average_distance: 5.657312103314161
standard deviation: 0.527497511555108

Cluster: 107
number of items: 35
average_distance: 5.260690185516695
standard deviation: 0.961763921869521

Cluster: 29
number of items: 232
average_distance: 5.889966298893167
standard deviation: 0.29116089640488946

Cluster: 99
number of items: 82
average_distance: 5.454101232311345
standard deviation: 0.688635573632263

Cluster: 38
number of items: 58
average_distance: 2.982951106710008
standard deviation: 0.67388225131005

Cluster: 75
number of items: 21
average_distance: 3.840017016681353
standard deviation: 0.972237727525585

Cluster: 61
number of items: 25
average_distance: 4.893974483098811
standard deviation: 0.5964729120619284

Cluster: 39
number of items: 25
average_distance: 6.091704496948829
standard deviation: 0.31226539948777243

Cluster: 88
number of items: 22
average_distance: 5.363741346437633
standard deviation: 0.7651638201304128

Cluster: 10
number of items: 1
average_distance: 6.890359267903537
standard deviation: 0.0

Cluster: 24
number of items: 30
average_distance: 5.725913165892772
standard deviation: 0.649817392966793

Cluster: 111
number of items: 8
average_distance: 5.934927458644051
standard deviation: 1.124070885690979

Cluster: 103
number of items: 34
average_distance: 4.08475372662775
standard deviation: 1.0255505198688997

Cluster: 60
number of items: 1
average_distance: 6.130243757903808
standard deviation: 0.0

Cluster: 9
number of items: 2
average_distance: 5.831534976855094
standard deviation: 0.0013083743061823583

Cluster: 23
number of items: 1
average_distance: 6.5573770441000665
standard deviation: 0.0

Cluster: 57
number of items: 30
average_distance: 5.359397445601576
standard deviation: 0.4123034075059988

Cluster: 105
number of items: 18
average_distance: 6.10113560108846
standard deviation: 0.6391131297040357

Cluster: 46
number of items: 41
average_distance: 5.89449642670004
standard deviation: 0.41462404782473045

Cluster: 113
number of items: 44
average_distance: 5.605306171129164
standard deviation: 0.6654172681218072

Cluster: 87
number of items: 1
average_distance: 5.8058643069285765
standard deviation: 0.0

Cluster: 7
number of items: 82
average_distance: 4.772982075664489
standard deviation: 0.5343223015461186

Cluster: 73
number of items: 78
average_distance: 4.126510411521438
standard deviation: 0.5138630768624732

Cluster: 118
number of items: 114
average_distance: 4.829060444371551
standard deviation: 0.33724050674509815

Cluster: 89
number of items: 3
average_distance: 5.600745114672144
standard deviation: 0.027462133440360196

Cluster: 27
number of items: 47
average_distance: 3.967484991099319
standard deviation: 0.5349063110950169

Cluster: 97
number of items: 164
average_distance: 4.750743864636946
standard deviation: 0.6414316662763739

Cluster: 4
number of items: 71
average_distance: 4.063877057305163
standard deviation: 0.7043685213258757

Cluster: 33
number of items: 14
average_distance: 5.5274489572522
standard deviation: 0.39529476256654833

Cluster: 36
number of items: 64
average_distance: 3.854932174004445
standard deviation: 0.2721996467337045

Cluster: 68
number of items: 2
average_distance: 4.553080573014741
standard deviation: 0.10791874231291887

Cluster: 86
number of items: 1
average_distance: 6.231846118838242
standard deviation: 0.0

Cluster: 42
number of items: 9
average_distance: 4.792731825671097
standard deviation: 0.1252987693598817

Cluster: 93
number of items: 1
average_distance: 3.776210087039998
standard deviation: 0.0

Cluster: 76
number of items: 1
average_distance: 4.8729966147788355
standard deviation: 0.0

Cluster: 51
number of items: 1
average_distance: 5.119280382717315
standard deviation: 0.0

Cluster: 101
number of items: 1
average_distance: 5.347766086523846
standard deviation: 0.0

Cluster: 96
number of items: 61
average_distance: 4.234700413525049
standard deviation: 0.38254432479580686

Cluster: 56
number of items: 2
average_distance: 5.323776301250886
standard deviation: 0.19677317576827624

Cluster: 25
number of items: 1
average_distance: 4.947713032883972
standard deviation: 0.0

Cluster: 0
number of items: 33
average_distance: 5.778740952566613
standard deviation: 0.26363143050653615

Cluster: 43
number of items: 1
average_distance: 5.787718304544516
standard deviation: 0.0

TRAINING
[1,   10] loss: 2687.170 accuracy:0.419 validation_loss: 116.173 validation accuracy: 0.66765,guess mode acc: 0.492,unique predictions: 27 time= 18.76674485206604
[2,   10] loss: 1443.091 accuracy:0.655 validation_loss: 115.839 validation accuracy: 0.79941,guess mode acc: 0.492,unique predictions: 34 time= 18.7599139213562
[3,   10] loss: 1116.603 accuracy:0.709 validation_loss: 121.993 validation accuracy: 0.75944,guess mode acc: 0.492,unique predictions: 39 time= 18.713361740112305
[4,   10] loss: 962.062 accuracy:0.741 validation_loss: 126.553 validation accuracy: 0.76388,guess mode acc: 0.492,unique predictions: 47 time= 18.761573791503906
[5,   10] loss: 857.361 accuracy:0.767 validation_loss: 122.785 validation accuracy: 0.76758,guess mode acc: 0.492,unique predictions: 48 time= 18.818018913269043
[6,   10] loss: 780.295 accuracy:0.782 validation_loss: 126.261 validation accuracy: 0.75500,guess mode acc: 0.492,unique predictions: 54 time= 18.78786587715149
[7,   10] loss: 725.404 accuracy:0.795 validation_loss: 137.797 validation accuracy: 0.75796,guess mode acc: 0.492,unique predictions: 49 time= 18.767499923706055
[8,   10] loss: 681.849 accuracy:0.805 validation_loss: 149.865 validation accuracy: 0.74759,guess mode acc: 0.492,unique predictions: 54 time= 18.706194400787354
[9,   10] loss: 645.491 accuracy:0.813 validation_loss: 158.590 validation accuracy: 0.75056,guess mode acc: 0.492,unique predictions: 52 time= 18.71182680130005
[10,   10] loss: 612.702 accuracy:0.821 validation_loss: 144.478 validation accuracy: 0.76388,guess mode acc: 0.492,unique predictions: 56 time= 18.728871822357178
